<?xml version="1.0" encoding="UTF-8"?>
<!-- Generated by org.testng.reporters.JUnitReportReporter -->
<testsuite skipped="0" hostname="DESKTOP-987SG1D" name="base.demo" tests="1" failures="0" timestamp="2020-09-01T23:13:26 IST" time="15.610" errors="0">
  <testcase name="init" time="15.610" classname="base.demo"/>
  <system-out/>
</testsuite> <!-- base.demo -->
