<?xml version="1.0" encoding="UTF-8"?>
<!-- Generated by org.testng.reporters.JUnitReportReporter -->
<testsuite skipped="2" hostname="DESKTOP-987SG1D" name="Testcases.Google_03_NewsTest" tests="2" failures="0" timestamp="2021-05-31T19:11:06 IST" time="0.000" errors="0">
  <testcase name="verifyNewstopstoris" time="0.000" classname="Testcases.Google_03_NewsTest">
    <skipped/>
  </testcase> <!-- verifyNewstopstoris -->
  <system-out/>
  <testcase name="verifyTitalNews" time="0.000" classname="Testcases.Google_03_NewsTest">
    <skipped/>
  </testcase> <!-- verifyTitalNews -->
  <system-out/>
</testsuite> <!-- Testcases.Google_03_NewsTest -->
