<?xml version="1.0" encoding="UTF-8"?>
<!-- Generated by org.testng.reporters.JUnitReportReporter -->
<testsuite skipped="2" hostname="DESKTOP-987SG1D" name="Testcases.Google_04_GmailVerifyTest" tests="2" failures="0" timestamp="2021-05-31T19:11:06 IST" time="0.000" errors="0">
  <testcase name="checkGmailisValidorNot" time="0.000" classname="Testcases.Google_04_GmailVerifyTest">
    <skipped/>
  </testcase> <!-- checkGmailisValidorNot -->
  <system-out/>
  <testcase name="checkGmailisValidorNot" time="0.000" classname="Testcases.Google_04_GmailVerifyTest">
    <skipped/>
  </testcase> <!-- checkGmailisValidorNot -->
  <system-out/>
</testsuite> <!-- Testcases.Google_04_GmailVerifyTest -->
