<?xml version="1.0" encoding="UTF-8"?>
<!-- Generated by org.testng.reporters.JUnitReportReporter -->
<testsuite skipped="3" hostname="DESKTOP-987SG1D" name="Testcases.Google_03_SearchTest" tests="3" failures="0" timestamp="2021-05-31T19:11:06 IST" time="0.000" errors="0">
  <testcase name="verifysearchboxsearchbtn" time="0.000" classname="Testcases.Google_03_SearchTest">
    <skipped/>
  </testcase> <!-- verifysearchboxsearchbtn -->
  <system-out/>
  <testcase name="verifysearchboxsearchlucky" time="0.000" classname="Testcases.Google_03_SearchTest">
    <skipped/>
  </testcase> <!-- verifysearchboxsearchlucky -->
  <system-out/>
  <testcase name="verifysearchboxsearch" time="0.000" classname="Testcases.Google_03_SearchTest">
    <skipped/>
  </testcase> <!-- verifysearchboxsearch -->
  <system-out/>
</testsuite> <!-- Testcases.Google_03_SearchTest -->
