<?xml version="1.0" encoding="UTF-8"?>
<!-- Generated by org.testng.reporters.JUnitReportReporter -->
<testsuite skipped="0" hostname="DESKTOP-987SG1D" name="base.TestBase" tests="1" failures="0" timestamp="2022-11-29T16:29:34 IST" time="42.768" errors="0">
  <testcase name="inti" time="42.768" classname="base.TestBase"/>
  <system-out/>
</testsuite> <!-- base.TestBase -->
